[debug] [2025-01-19T16:37:46.291Z] ----------------------------------------------------------------------
[debug] [2025-01-19T16:37:46.292Z] Command:       /usr/local/bin/node /usr/local/bin/firebase init
[debug] [2025-01-19T16:37:46.293Z] CLI Version:   13.29.1
[debug] [2025-01-19T16:37:46.293Z] Platform:      darwin
[debug] [2025-01-19T16:37:46.293Z] Node Version:  v20.11.1
[debug] [2025-01-19T16:37:46.293Z] Time:          Sun Jan 19 2025 16:37:46 GMT+0000 (Greenwich Mean Time)
[debug] [2025-01-19T16:37:46.293Z] ----------------------------------------------------------------------
[debug] 
[debug] [2025-01-19T16:37:46.329Z] > command requires scopes: ["email","openid","https://www.googleapis.com/auth/cloudplatformprojects.readonly","https://www.googleapis.com/auth/firebase","https://www.googleapis.com/auth/cloud-platform"]
[debug] [2025-01-19T16:37:46.329Z] > authorizing via signed-in user (jass150505@gmail.com)
[info] 
     ######## #### ########  ######## ########     ###     ######  ########
     ##        ##  ##     ## ##       ##     ##  ##   ##  ##       ##
     ######    ##  ########  ######   ########  #########  ######  ######
     ##        ##  ##    ##  ##       ##     ## ##     ##       ## ##
     ##       #### ##     ## ######## ########  ##     ##  ######  ########

You're about to initialize a Firebase project in this directory:

  /Users/jz/VS_Code_Stuff/AI_IdeaProject_2025/aiideagenproject

Before we get started, keep in mind:

  * You are initializing within an existing Firebase project directory

